{"/Users/mykhailodatsko/Projects/own/recul/index.js": {"path":"/Users/mykhailodatsko/Projects/own/recul/index.js","statementMap":{"0":{"start":{"line":1,"column":16},"end":{"line":17,"column":1}},"1":{"start":{"line":2,"column":13},"end":{"line":2,"column":14}},"2":{"start":{"line":3,"column":14},"end":{"line":3,"column":24}},"3":{"start":{"line":5,"column":2},"end":{"line":7,"column":3}},"4":{"start":{"line":6,"column":4},"end":{"line":6,"column":16}},"5":{"start":{"line":10,"column":2},"end":{"line":14,"column":3}},"6":{"start":{"line":10,"column":15},"end":{"line":10,"column":16}},"7":{"start":{"line":11,"column":4},"end":{"line":11,"column":29}},"8":{"start":{"line":12,"column":4},"end":{"line":12,"column":39}},"9":{"start":{"line":13,"column":4},"end":{"line":13,"column":23}},"10":{"start":{"line":16,"column":2},"end":{"line":16,"column":14}},"11":{"start":{"line":19,"column":23},"end":{"line":22,"column":1}},"12":{"start":{"line":20,"column":19},"end":{"line":20,"column":52}},"13":{"start":{"line":21,"column":18},"end":{"line":21,"column":51}},"14":{"start":{"line":24,"column":15},"end":{"line":26,"column":1}},"15":{"start":{"line":28,"column":20},"end":{"line":34,"column":1}},"16":{"start":{"line":30,"column":4},"end":{"line":30,"column":57}},"17":{"start":{"line":33,"column":2},"end":{"line":33,"column":71}},"18":{"start":{"line":38,"column":4},"end":{"line":38,"column":28}},"19":{"start":{"line":39,"column":4},"end":{"line":39,"column":21}},"20":{"start":{"line":40,"column":4},"end":{"line":40,"column":29}},"21":{"start":{"line":41,"column":4},"end":{"line":41,"column":51}},"22":{"start":{"line":45,"column":4},"end":{"line":45,"column":31}},"23":{"start":{"line":51,"column":4},"end":{"line":51,"column":20}},"24":{"start":{"line":52,"column":4},"end":{"line":52,"column":24}},"25":{"start":{"line":56,"column":17},"end":{"line":56,"column":21}},"26":{"start":{"line":58,"column":4},"end":{"line":89,"column":5}},"27":{"start":{"line":59,"column":6},"end":{"line":88,"column":8}},"28":{"start":{"line":64,"column":10},"end":{"line":66,"column":11}},"29":{"start":{"line":65,"column":12},"end":{"line":65,"column":57}},"30":{"start":{"line":68,"column":10},"end":{"line":68,"column":28}},"31":{"start":{"line":71,"column":23},"end":{"line":71,"column":59}},"32":{"start":{"line":73,"column":10},"end":{"line":75,"column":11}},"33":{"start":{"line":74,"column":12},"end":{"line":74,"column":19}},"34":{"start":{"line":77,"column":10},"end":{"line":77,"column":27}},"35":{"start":{"line":78,"column":10},"end":{"line":78,"column":29}},"36":{"start":{"line":80,"column":10},"end":{"line":82,"column":11}},"37":{"start":{"line":81,"column":12},"end":{"line":81,"column":79}},"38":{"start":{"line":81,"column":53},"end":{"line":81,"column":77}},"39":{"start":{"line":84,"column":10},"end":{"line":86,"column":11}},"40":{"start":{"line":85,"column":12},"end":{"line":85,"column":46}},"41":{"start":{"line":91,"column":4},"end":{"line":91,"column":37}},"42":{"start":{"line":95,"column":4},"end":{"line":105,"column":5}},"43":{"start":{"line":96,"column":6},"end":{"line":98,"column":7}},"44":{"start":{"line":97,"column":8},"end":{"line":97,"column":42}},"45":{"start":{"line":100,"column":6},"end":{"line":102,"column":7}},"46":{"start":{"line":101,"column":8},"end":{"line":101,"column":28}},"47":{"start":{"line":104,"column":6},"end":{"line":104,"column":23}},"48":{"start":{"line":107,"column":4},"end":{"line":107,"column":39}},"49":{"start":{"line":111,"column":4},"end":{"line":111,"column":20}},"50":{"start":{"line":115,"column":4},"end":{"line":117,"column":5}},"51":{"start":{"line":116,"column":6},"end":{"line":116,"column":32}},"52":{"start":{"line":119,"column":21},"end":{"line":121,"column":6}},"53":{"start":{"line":120,"column":6},"end":{"line":120,"column":33}},"54":{"start":{"line":122,"column":4},"end":{"line":122,"column":40}},"55":{"start":{"line":124,"column":4},"end":{"line":124,"column":20}},"56":{"start":{"line":128,"column":4},"end":{"line":130,"column":5}},"57":{"start":{"line":129,"column":6},"end":{"line":129,"column":30}},"58":{"start":{"line":132,"column":4},"end":{"line":134,"column":7}},"59":{"start":{"line":133,"column":6},"end":{"line":133,"column":118}},"60":{"start":{"line":133,"column":88},"end":{"line":133,"column":116}},"61":{"start":{"line":138,"column":4},"end":{"line":138,"column":35}},"62":{"start":{"line":142,"column":4},"end":{"line":142,"column":31}},"63":{"start":{"line":146,"column":14},"end":{"line":146,"column":25}},"64":{"start":{"line":147,"column":16},"end":{"line":153,"column":1}},"65":{"start":{"line":148,"column":2},"end":{"line":148,"column":36}},"66":{"start":{"line":150,"column":2},"end":{"line":152,"column":4}},"67":{"start":{"line":151,"column":4},"end":{"line":151,"column":50}},"68":{"start":{"line":155,"column":0},"end":{"line":159,"column":2}}},"fnMap":{"0":{"name":"(anonymous_0)","decl":{"start":{"line":1,"column":16},"end":{"line":1,"column":17}},"loc":{"start":{"line":1,"column":29},"end":{"line":17,"column":1}},"line":1},"1":{"name":"(anonymous_1)","decl":{"start":{"line":20,"column":10},"end":{"line":20,"column":11}},"loc":{"start":{"line":20,"column":19},"end":{"line":20,"column":52}},"line":20},"2":{"name":"(anonymous_2)","decl":{"start":{"line":21,"column":9},"end":{"line":21,"column":10}},"loc":{"start":{"line":21,"column":18},"end":{"line":21,"column":51}},"line":21},"3":{"name":"(anonymous_3)","decl":{"start":{"line":28,"column":20},"end":{"line":28,"column":21}},"loc":{"start":{"line":28,"column":26},"end":{"line":34,"column":1}},"line":28},"4":{"name":"generateRandomNumber","decl":{"start":{"line":29,"column":11},"end":{"line":29,"column":31}},"loc":{"start":{"line":29,"column":42},"end":{"line":31,"column":3}},"line":29},"5":{"name":"(anonymous_5)","decl":{"start":{"line":37,"column":2},"end":{"line":37,"column":3}},"loc":{"start":{"line":37,"column":51},"end":{"line":42,"column":3}},"line":37},"6":{"name":"(anonymous_6)","decl":{"start":{"line":44,"column":2},"end":{"line":44,"column":3}},"loc":{"start":{"line":44,"column":16},"end":{"line":46,"column":3}},"line":44},"7":{"name":"(anonymous_7)","decl":{"start":{"line":50,"column":2},"end":{"line":50,"column":3}},"loc":{"start":{"line":50,"column":16},"end":{"line":53,"column":3}},"line":50},"8":{"name":"(anonymous_8)","decl":{"start":{"line":55,"column":2},"end":{"line":55,"column":3}},"loc":{"start":{"line":55,"column":36},"end":{"line":92,"column":3}},"line":55},"9":{"name":"(anonymous_9)","decl":{"start":{"line":63,"column":18},"end":{"line":63,"column":19}},"loc":{"start":{"line":63,"column":29},"end":{"line":69,"column":9}},"line":63},"10":{"name":"(anonymous_10)","decl":{"start":{"line":70,"column":18},"end":{"line":70,"column":19}},"loc":{"start":{"line":70,"column":34},"end":{"line":87,"column":9}},"line":70},"11":{"name":"(anonymous_11)","decl":{"start":{"line":81,"column":41},"end":{"line":81,"column":42}},"loc":{"start":{"line":81,"column":53},"end":{"line":81,"column":77}},"line":81},"12":{"name":"(anonymous_12)","decl":{"start":{"line":94,"column":2},"end":{"line":94,"column":3}},"loc":{"start":{"line":94,"column":31},"end":{"line":108,"column":3}},"line":94},"13":{"name":"(anonymous_13)","decl":{"start":{"line":110,"column":2},"end":{"line":110,"column":3}},"loc":{"start":{"line":110,"column":10},"end":{"line":112,"column":3}},"line":110},"14":{"name":"(anonymous_14)","decl":{"start":{"line":114,"column":2},"end":{"line":114,"column":3}},"loc":{"start":{"line":114,"column":21},"end":{"line":125,"column":3}},"line":114},"15":{"name":"(anonymous_15)","decl":{"start":{"line":119,"column":50},"end":{"line":119,"column":51}},"loc":{"start":{"line":119,"column":56},"end":{"line":121,"column":5}},"line":119},"16":{"name":"(anonymous_16)","decl":{"start":{"line":127,"column":2},"end":{"line":127,"column":3}},"loc":{"start":{"line":127,"column":17},"end":{"line":135,"column":3}},"line":127},"17":{"name":"(anonymous_17)","decl":{"start":{"line":132,"column":22},"end":{"line":132,"column":23}},"loc":{"start":{"line":132,"column":34},"end":{"line":134,"column":5}},"line":132},"18":{"name":"(anonymous_18)","decl":{"start":{"line":133,"column":75},"end":{"line":133,"column":76}},"loc":{"start":{"line":133,"column":88},"end":{"line":133,"column":116}},"line":133},"19":{"name":"(anonymous_19)","decl":{"start":{"line":137,"column":2},"end":{"line":137,"column":3}},"loc":{"start":{"line":137,"column":28},"end":{"line":139,"column":3}},"line":137},"20":{"name":"(anonymous_20)","decl":{"start":{"line":141,"column":2},"end":{"line":141,"column":3}},"loc":{"start":{"line":141,"column":25},"end":{"line":143,"column":3}},"line":141},"21":{"name":"(anonymous_21)","decl":{"start":{"line":147,"column":16},"end":{"line":147,"column":17}},"loc":{"start":{"line":147,"column":38},"end":{"line":153,"column":1}},"line":147},"22":{"name":"(anonymous_22)","decl":{"start":{"line":150,"column":9},"end":{"line":150,"column":10}},"loc":{"start":{"line":150,"column":20},"end":{"line":152,"column":3}},"line":150}},"branchMap":{"0":{"loc":{"start":{"line":5,"column":2},"end":{"line":7,"column":3}},"type":"if","locations":[{"start":{"line":5,"column":2},"end":{"line":7,"column":3}},{"start":{"line":5,"column":2},"end":{"line":7,"column":3}}],"line":5},"1":{"loc":{"start":{"line":58,"column":4},"end":{"line":89,"column":5}},"type":"if","locations":[{"start":{"line":58,"column":4},"end":{"line":89,"column":5}},{"start":{"line":58,"column":4},"end":{"line":89,"column":5}}],"line":58},"2":{"loc":{"start":{"line":61,"column":14},"end":{"line":61,"column":98}},"type":"cond-expr","locations":[{"start":{"line":61,"column":76},"end":{"line":61,"column":83}},{"start":{"line":61,"column":86},"end":{"line":61,"column":98}}],"line":61},"3":{"loc":{"start":{"line":61,"column":14},"end":{"line":61,"column":73}},"type":"binary-expr","locations":[{"start":{"line":61,"column":14},"end":{"line":61,"column":39}},{"start":{"line":61,"column":43},"end":{"line":61,"column":73}}],"line":61},"4":{"loc":{"start":{"line":64,"column":10},"end":{"line":66,"column":11}},"type":"if","locations":[{"start":{"line":64,"column":10},"end":{"line":66,"column":11}},{"start":{"line":64,"column":10},"end":{"line":66,"column":11}}],"line":64},"5":{"loc":{"start":{"line":71,"column":31},"end":{"line":71,"column":58}},"type":"binary-expr","locations":[{"start":{"line":71,"column":31},"end":{"line":71,"column":52}},{"start":{"line":71,"column":56},"end":{"line":71,"column":58}}],"line":71},"6":{"loc":{"start":{"line":73,"column":10},"end":{"line":75,"column":11}},"type":"if","locations":[{"start":{"line":73,"column":10},"end":{"line":75,"column":11}},{"start":{"line":73,"column":10},"end":{"line":75,"column":11}}],"line":73},"7":{"loc":{"start":{"line":80,"column":10},"end":{"line":82,"column":11}},"type":"if","locations":[{"start":{"line":80,"column":10},"end":{"line":82,"column":11}},{"start":{"line":80,"column":10},"end":{"line":82,"column":11}}],"line":80},"8":{"loc":{"start":{"line":80,"column":14},"end":{"line":80,"column":58}},"type":"binary-expr","locations":[{"start":{"line":80,"column":14},"end":{"line":80,"column":34}},{"start":{"line":80,"column":38},"end":{"line":80,"column":58}}],"line":80},"9":{"loc":{"start":{"line":84,"column":10},"end":{"line":86,"column":11}},"type":"if","locations":[{"start":{"line":84,"column":10},"end":{"line":86,"column":11}},{"start":{"line":84,"column":10},"end":{"line":86,"column":11}}],"line":84},"10":{"loc":{"start":{"line":84,"column":14},"end":{"line":84,"column":49}},"type":"binary-expr","locations":[{"start":{"line":84,"column":14},"end":{"line":84,"column":33}},{"start":{"line":84,"column":37},"end":{"line":84,"column":49}}],"line":84},"11":{"loc":{"start":{"line":95,"column":4},"end":{"line":105,"column":5}},"type":"if","locations":[{"start":{"line":95,"column":4},"end":{"line":105,"column":5}},{"start":{"line":95,"column":4},"end":{"line":105,"column":5}}],"line":95},"12":{"loc":{"start":{"line":96,"column":6},"end":{"line":98,"column":7}},"type":"if","locations":[{"start":{"line":96,"column":6},"end":{"line":98,"column":7}},{"start":{"line":96,"column":6},"end":{"line":98,"column":7}}],"line":96},"13":{"loc":{"start":{"line":96,"column":10},"end":{"line":96,"column":45}},"type":"binary-expr","locations":[{"start":{"line":96,"column":10},"end":{"line":96,"column":29}},{"start":{"line":96,"column":33},"end":{"line":96,"column":45}}],"line":96},"14":{"loc":{"start":{"line":100,"column":6},"end":{"line":102,"column":7}},"type":"if","locations":[{"start":{"line":100,"column":6},"end":{"line":102,"column":7}},{"start":{"line":100,"column":6},"end":{"line":102,"column":7}}],"line":100},"15":{"loc":{"start":{"line":115,"column":4},"end":{"line":117,"column":5}},"type":"if","locations":[{"start":{"line":115,"column":4},"end":{"line":117,"column":5}},{"start":{"line":115,"column":4},"end":{"line":117,"column":5}}],"line":115},"16":{"loc":{"start":{"line":128,"column":4},"end":{"line":130,"column":5}},"type":"if","locations":[{"start":{"line":128,"column":4},"end":{"line":130,"column":5}},{"start":{"line":128,"column":4},"end":{"line":130,"column":5}}],"line":128}},"s":{"0":1,"1":11,"2":11,"3":11,"4":0,"5":11,"6":11,"7":13,"8":13,"9":13,"10":11,"11":1,"12":0,"13":2,"14":1,"15":1,"16":4,"17":4,"18":4,"19":4,"20":4,"21":4,"22":1,"23":1,"24":1,"25":11,"26":11,"27":7,"28":5,"29":2,"30":3,"31":11,"32":11,"33":1,"34":10,"35":10,"36":10,"37":7,"38":11,"39":10,"40":0,"41":11,"42":6,"43":1,"44":0,"45":1,"46":0,"47":1,"48":5,"49":7,"50":4,"51":1,"52":4,"53":1,"54":4,"55":4,"56":2,"57":2,"58":2,"59":2,"60":4,"61":2,"62":1,"63":1,"64":1,"65":0,"66":0,"67":0,"68":1},"f":{"0":11,"1":0,"2":2,"3":4,"4":4,"5":4,"6":1,"7":1,"8":11,"9":5,"10":11,"11":11,"12":6,"13":7,"14":4,"15":1,"16":2,"17":2,"18":4,"19":2,"20":1,"21":0,"22":0},"b":{"0":[0,11],"1":[7,4],"2":[1,6],"3":[7,1],"4":[2,3],"5":[11,0],"6":[1,10],"7":[7,3],"8":[10,10],"9":[0,10],"10":[10,0],"11":[1,5],"12":[0,1],"13":[1,0],"14":[0,1],"15":[1,3],"16":[2,0]},"_coverageSchema":"43e27e138ebf9cfc5966b082cf9a028302ed4184","hash":"0b3a9c4ff61fcd87914e6b900354e161cb121568"}
}
