TN:
SF:index.js
FNF:0
FNH:0
DA:1,1
DA:3,1
DA:7,1
DA:9,1
LF:4
LH:4
BRF:0
BRH:0
end_of_record
TN:
SF:src/listener.js
FN:4,(anonymous_0)
FN:11,(anonymous_1)
FNF:2
FNH:2
FNDA:4,(anonymous_0)
FNDA:1,(anonymous_1)
DA:1,1
DA:5,4
DA:6,4
DA:7,4
DA:8,4
DA:12,1
DA:16,1
LF:7
LH:7
BRF:0
BRH:0
end_of_record
TN:
SF:src/random.js
FN:2,(anonymous_0)
FN:3,generateRandomNumber
FNF:2
FNH:2
FNDA:4,(anonymous_0)
FNDA:4,generateRandomNumber
DA:1,1
DA:4,4
DA:7,4
LF:3
LH:3
BRF:0
BRH:0
end_of_record
TN:
SF:src/recul.js
FN:5,(anonymous_0)
FN:10,(anonymous_1)
FN:14,(anonymous_2)
FN:22,(anonymous_3)
FN:40,(anonymous_4)
FN:42,(anonymous_5)
FN:45,(anonymous_6)
FN:46,(anonymous_7)
FN:59,(anonymous_8)
FN:64,(anonymous_9)
FN:69,(anonymous_10)
FN:73,(anonymous_11)
FNF:12
FNH:11
FNDA:1,(anonymous_0)
FNDA:8,(anonymous_1)
FNDA:12,(anonymous_2)
FNDA:8,(anonymous_3)
FNDA:8,(anonymous_4)
FNDA:7,(anonymous_5)
FNDA:4,(anonymous_6)
FNDA:1,(anonymous_7)
FNDA:2,(anonymous_8)
FNDA:2,(anonymous_9)
FNDA:2,(anonymous_10)
FNDA:0,(anonymous_11)
DA:1,1
DA:2,1
DA:6,1
DA:7,1
DA:11,8
DA:15,12
DA:16,4
DA:19,12
DA:23,8
DA:24,1
DA:25,0
DA:26,0
DA:27,0
DA:30,1
DA:31,0
DA:34,1
DA:37,7
DA:41,8
DA:42,8
DA:46,4
DA:47,1
DA:50,4
DA:51,4
DA:54,4
DA:56,4
DA:60,2
DA:61,2
DA:64,2
DA:65,2
DA:70,2
DA:74,0
DA:78,1
LF:32
LH:27
BRDA:15,0,0,4
BRDA:15,0,1,8
BRDA:23,1,0,1
BRDA:23,1,1,7
BRDA:24,2,0,0
BRDA:24,2,1,1
BRDA:24,3,0,1
BRDA:24,3,1,0
BRDA:30,4,0,0
BRDA:30,4,1,1
BRDA:50,5,0,4
BRDA:50,5,1,0
BRDA:60,6,0,2
BRDA:60,6,1,0
BRF:14
BRH:9
end_of_record
TN:
SF:src/store-item.js
FN:2,(anonymous_0)
FN:3,(anonymous_1)
FN:7,(anonymous_2)
FN:16,(anonymous_3)
FN:24,(anonymous_4)
FN:28,(anonymous_5)
FN:36,(anonymous_6)
FN:40,(anonymous_7)
FN:44,(anonymous_8)
FN:46,(anonymous_9)
FNF:10
FNH:9
FNDA:2,(anonymous_0)
FNDA:2,(anonymous_1)
FNDA:8,(anonymous_2)
FNDA:7,(anonymous_3)
FNDA:12,(anonymous_4)
FNDA:3,(anonymous_5)
FNDA:0,(anonymous_6)
FNDA:4,(anonymous_7)
FNDA:2,(anonymous_8)
FNDA:2,(anonymous_9)
DA:1,1
DA:2,2
DA:3,2
DA:8,8
DA:9,8
DA:10,8
DA:11,8
DA:12,8
DA:13,8
DA:17,7
DA:18,4
DA:21,3
DA:25,12
DA:27,12
DA:28,3
DA:31,12
DA:32,0
DA:37,0
DA:41,4
DA:45,2
DA:46,2
DA:51,1
LF:22
LH:20
BRDA:9,0,0,1
BRDA:9,0,1,7
BRDA:17,1,0,4
BRDA:17,1,1,3
BRDA:27,2,0,3
BRDA:27,2,1,9
BRDA:27,3,0,12
BRDA:27,3,1,3
BRDA:31,4,0,0
BRDA:31,4,1,12
BRDA:31,5,0,12
BRDA:31,5,1,0
BRF:12
BRH:10
end_of_record
