<?xml version="1.0" encoding="UTF-8"?>
<coverage generated="1552091269823" clover="3.2.0">
  <project timestamp="1552091269824" name="All files">
    <metrics statements="66" coveredstatements="58" conditionals="32" coveredconditionals="25" methods="23" coveredmethods="20" elements="121" coveredelements="103" complexity="0" loc="66" ncloc="66" packages="1" files="1" classes="1"/>
    <file name="index.js" path="/Users/mykhailodatsko/Projects/own/recul/index.js">
      <metrics statements="66" coveredstatements="58" conditionals="32" coveredconditionals="25" methods="23" coveredmethods="20"/>
      <line num="1" count="1" type="stmt"/>
      <line num="2" count="11" type="stmt"/>
      <line num="3" count="11" type="stmt"/>
      <line num="5" count="11" type="cond" truecount="1" falsecount="1"/>
      <line num="6" count="0" type="stmt"/>
      <line num="10" count="11" type="stmt"/>
      <line num="11" count="13" type="stmt"/>
      <line num="12" count="13" type="stmt"/>
      <line num="13" count="13" type="stmt"/>
      <line num="16" count="11" type="stmt"/>
      <line num="19" count="1" type="stmt"/>
      <line num="20" count="0" type="stmt"/>
      <line num="21" count="2" type="stmt"/>
      <line num="24" count="1" type="stmt"/>
      <line num="28" count="1" type="stmt"/>
      <line num="30" count="4" type="stmt"/>
      <line num="33" count="4" type="stmt"/>
      <line num="38" count="4" type="stmt"/>
      <line num="39" count="4" type="stmt"/>
      <line num="40" count="4" type="stmt"/>
      <line num="41" count="4" type="stmt"/>
      <line num="45" count="1" type="stmt"/>
      <line num="51" count="1" type="stmt"/>
      <line num="52" count="1" type="stmt"/>
      <line num="56" count="11" type="stmt"/>
      <line num="58" count="11" type="cond" truecount="2" falsecount="0"/>
      <line num="59" count="7" type="stmt"/>
      <line num="64" count="5" type="cond" truecount="2" falsecount="0"/>
      <line num="65" count="2" type="stmt"/>
      <line num="68" count="3" type="stmt"/>
      <line num="71" count="11" type="stmt"/>
      <line num="73" count="11" type="cond" truecount="2" falsecount="0"/>
      <line num="74" count="1" type="stmt"/>
      <line num="77" count="10" type="stmt"/>
      <line num="78" count="10" type="stmt"/>
      <line num="80" count="10" type="cond" truecount="4" falsecount="0"/>
      <line num="81" count="11" type="stmt"/>
      <line num="84" count="10" type="cond" truecount="2" falsecount="2"/>
      <line num="85" count="0" type="stmt"/>
      <line num="91" count="11" type="stmt"/>
      <line num="95" count="6" type="cond" truecount="2" falsecount="0"/>
      <line num="96" count="1" type="cond" truecount="2" falsecount="2"/>
      <line num="97" count="0" type="stmt"/>
      <line num="100" count="1" type="cond" truecount="1" falsecount="1"/>
      <line num="101" count="0" type="stmt"/>
      <line num="104" count="1" type="stmt"/>
      <line num="107" count="5" type="stmt"/>
      <line num="111" count="7" type="stmt"/>
      <line num="115" count="4" type="cond" truecount="2" falsecount="0"/>
      <line num="116" count="1" type="stmt"/>
      <line num="119" count="4" type="stmt"/>
      <line num="120" count="1" type="stmt"/>
      <line num="122" count="4" type="stmt"/>
      <line num="124" count="4" type="stmt"/>
      <line num="128" count="2" type="cond" truecount="1" falsecount="1"/>
      <line num="129" count="2" type="stmt"/>
      <line num="132" count="2" type="stmt"/>
      <line num="133" count="4" type="stmt"/>
      <line num="138" count="2" type="stmt"/>
      <line num="142" count="1" type="stmt"/>
      <line num="146" count="1" type="stmt"/>
      <line num="147" count="1" type="stmt"/>
      <line num="148" count="0" type="stmt"/>
      <line num="150" count="0" type="stmt"/>
      <line num="151" count="0" type="stmt"/>
      <line num="155" count="1" type="stmt"/>
    </file>
  </project>
</coverage>
