TN:
SF:/Users/mykhailodatsko/Projects/own/recul/index.js
FN:1,(anonymous_0)
FN:20,(anonymous_1)
FN:21,(anonymous_2)
FN:28,(anonymous_3)
FN:29,generateRandomNumber
FN:37,(anonymous_5)
FN:44,(anonymous_6)
FN:50,(anonymous_7)
FN:55,(anonymous_8)
FN:63,(anonymous_9)
FN:70,(anonymous_10)
FN:81,(anonymous_11)
FN:94,(anonymous_12)
FN:110,(anonymous_13)
FN:114,(anonymous_14)
FN:119,(anonymous_15)
FN:127,(anonymous_16)
FN:132,(anonymous_17)
FN:133,(anonymous_18)
FN:137,(anonymous_19)
FN:141,(anonymous_20)
FN:147,(anonymous_21)
FN:150,(anonymous_22)
FNF:23
FNH:20
FNDA:11,(anonymous_0)
FNDA:0,(anonymous_1)
FNDA:2,(anonymous_2)
FNDA:4,(anonymous_3)
FNDA:4,generateRandomNumber
FNDA:4,(anonymous_5)
FNDA:1,(anonymous_6)
FNDA:1,(anonymous_7)
FNDA:11,(anonymous_8)
FNDA:5,(anonymous_9)
FNDA:11,(anonymous_10)
FNDA:11,(anonymous_11)
FNDA:6,(anonymous_12)
FNDA:7,(anonymous_13)
FNDA:4,(anonymous_14)
FNDA:1,(anonymous_15)
FNDA:2,(anonymous_16)
FNDA:2,(anonymous_17)
FNDA:4,(anonymous_18)
FNDA:2,(anonymous_19)
FNDA:1,(anonymous_20)
FNDA:0,(anonymous_21)
FNDA:0,(anonymous_22)
DA:1,1
DA:2,11
DA:3,11
DA:5,11
DA:6,0
DA:10,11
DA:11,13
DA:12,13
DA:13,13
DA:16,11
DA:19,1
DA:20,0
DA:21,2
DA:24,1
DA:28,1
DA:30,4
DA:33,4
DA:38,4
DA:39,4
DA:40,4
DA:41,4
DA:45,1
DA:51,1
DA:52,1
DA:56,11
DA:58,11
DA:59,7
DA:64,5
DA:65,2
DA:68,3
DA:71,11
DA:73,11
DA:74,1
DA:77,10
DA:78,10
DA:80,10
DA:81,11
DA:84,10
DA:85,0
DA:91,11
DA:95,6
DA:96,1
DA:97,0
DA:100,1
DA:101,0
DA:104,1
DA:107,5
DA:111,7
DA:115,4
DA:116,1
DA:119,4
DA:120,1
DA:122,4
DA:124,4
DA:128,2
DA:129,2
DA:132,2
DA:133,4
DA:138,2
DA:142,1
DA:146,1
DA:147,1
DA:148,0
DA:150,0
DA:151,0
DA:155,1
LF:66
LH:58
BRDA:5,0,0,0
BRDA:5,0,1,11
BRDA:58,1,0,7
BRDA:58,1,1,4
BRDA:61,2,0,1
BRDA:61,2,1,6
BRDA:61,3,0,7
BRDA:61,3,1,1
BRDA:64,4,0,2
BRDA:64,4,1,3
BRDA:73,5,0,1
BRDA:73,5,1,10
BRDA:80,6,0,7
BRDA:80,6,1,3
BRDA:80,7,0,10
BRDA:80,7,1,10
BRDA:84,8,0,0
BRDA:84,8,1,10
BRDA:84,9,0,10
BRDA:84,9,1,0
BRDA:95,10,0,1
BRDA:95,10,1,5
BRDA:96,11,0,0
BRDA:96,11,1,1
BRDA:96,12,0,1
BRDA:96,12,1,0
BRDA:100,13,0,0
BRDA:100,13,1,1
BRDA:115,14,0,1
BRDA:115,14,1,3
BRDA:128,15,0,2
BRDA:128,15,1,0
BRF:32
BRH:25
end_of_record
